<?xml version="1.0" encoding="UTF-8"?>
<testsuite xmlns:xsi="http://www.w3.org/2001/XMLSchema-instance" xsi:noNamespaceSchemaLocation="https://maven.apache.org/surefire/maven-surefire-plugin/xsd/surefire-test-report.xsd" version="3.0.2" name="com.ratelimiter.adaptive_rate_limiter.service.quota.LeaseFailureTest" time="4.387" tests="2" errors="0" skipped="0" failures="0" flakes="0">
  <properties>
[...]
</properties>
  <testcase name="coldBucketWithRedisDownSignalsDegradeNotError" classname="com.ratelimiter.adaptive_rate_limiter.service.quota.LeaseFailureTest" time="1.931">
    <system-out><![CDATA[2026-08-26T20:12:41.567+05:30  INFO 764 --- [adaptive-rate-limiter] [           main] tc.redis:7-alpine                        : Creating container for image: redis:7-alpine
2026-08-26T20:12:41.775+05:30  INFO 764 --- [adaptive-rate-limiter] [           main] tc.redis:7-alpine                        : Container redis:7-alpine is starting: eca0e506f48f98449308ef074e0dcac387b236c984657a691c4cb3fe9f4b7138
2026-08-26T20:12:42.681+05:30 DEBUG 764 --- [adaptive-rate-limiter] [   scheduling-1] c.r.a.service.health.RedisHealthProbe    : Health check: P50=5.0ms, P99=10.0ms, ErrorRate=0.0%, Reachable=true
2026-08-26T20:12:42.729+05:30  INFO 764 --- [adaptive-rate-limiter] [           main] tc.redis:7-alpine                        : Container redis:7-alpine started in PT1.1618306S
2026-08-26T20:12:42.735+05:30  INFO 764 --- [adaptive-rate-limiter] [           main] c.r.a.redis.LuaScriptLoader              : Lua scripts loaded successfully
2026-08-26T20:12:43.485+05:30  WARN 764 --- [adaptive-rate-limiter] [           main] c.r.a.service.quota.LeaseManager         : Lease acquisition failed for cold-real-redis (Redis unavailable?): Unable to connect to Redis
]]></system-out>
  </testcase>
  <testcase name="heldLeaseKeepsServingAfterRedisDies_thenDegradesOnExhaustion" classname="com.ratelimiter.adaptive_rate_limiter.service.quota.LeaseFailureTest" time="2.45">
    <system-out><![CDATA[2026-08-26T20:12:43.506+05:30  INFO 764 --- [adaptive-rate-limiter] [           main] tc.redis:7-alpine                        : Creating container for image: redis:7-alpine
2026-08-26T20:12:43.696+05:30  INFO 764 --- [adaptive-rate-limiter] [           main] tc.redis:7-alpine                        : Container redis:7-alpine is starting: cdb6f1c84ecfe0d5f9cb9f25e791f8dad9c233fadfa04db4b52a333313237922
2026-08-26T20:12:44.682+05:30  INFO 764 --- [adaptive-rate-limiter] [           main] tc.redis:7-alpine                        : Container redis:7-alpine started in PT1.1765661S
2026-08-26T20:12:44.693+05:30  INFO 764 --- [adaptive-rate-limiter] [           main] c.r.a.redis.LuaScriptLoader              : Lua scripts loaded successfully
2026-08-26T20:12:44.909+05:30  INFO 764 --- [adaptive-rate-limiter] [ecutorLoop-71-1] i.l.core.protocol.ConnectionWatchdog     : Reconnecting, last destination was localhost/127.0.0.1:59208
2026-08-26T20:12:44.952+05:30  WARN 764 --- [adaptive-rate-limiter] [oEventLoop-73-2] i.l.core.protocol.ConnectionWatchdog     : Cannot reconnect to [localhost/<unresolved>:59208]: Connection closed prematurely

io.lettuce.core.RedisConnectionException: Connection closed prematurely
	at io.lettuce.core.protocol.RedisHandshakeHandler.channelInactive(RedisHandshakeHandler.java:76) ~[lettuce-core-7.5.2.RELEASE.jar:7.5.2.RELEASE/5728917]
	at io.netty.channel.AbstractChannelHandlerContext.fireChannelInactive(AbstractChannelHandlerContext.java:251) ~[netty-transport-4.2.15.Final.jar:4.2.15.Final]
	at io.netty.channel.ChannelInboundHandlerAdapter.channelInactive(ChannelInboundHandlerAdapter.java:81) ~[netty-transport-4.2.15.Final.jar:4.2.15.Final]
	at io.lettuce.core.ChannelGroupListener.channelInactive(ChannelGroupListener.java:54) ~[lettuce-core-7.5.2.RELEASE.jar:7.5.2.RELEASE/5728917]
	at io.netty.channel.AbstractChannelHandlerContext.fireChannelInactive(AbstractChannelHandlerContext.java:251) ~[netty-transport-4.2.15.Final.jar:4.2.15.Final]
	at io.netty.channel.DefaultChannelPipeline$HeadContext.channelInactive(DefaultChannelPipeline.java:1424) ~[netty-transport-4.2.15.Final.jar:4.2.15.Final]
	at io.netty.channel.DefaultChannelPipeline.fireChannelInactive(DefaultChannelPipeline.java:876) ~[netty-transport-4.2.15.Final.jar:4.2.15.Final]
	at io.netty.channel.AbstractChannel$AbstractUnsafe$6.run(AbstractChannel.java:676) ~[netty-transport-4.2.15.Final.jar:4.2.15.Final]
	at io.netty.util.concurrent.AbstractEventExecutor.runTask(AbstractEventExecutor.java:148) ~[netty-common-4.2.15.Final.jar:4.2.15.Final]
	at io.netty.util.concurrent.AbstractEventExecutor.safeExecute(AbstractEventExecutor.java:141) ~[netty-common-4.2.15.Final.jar:4.2.15.Final]
	at io.netty.util.concurrent.SingleThreadEventExecutor.runAllTasks(SingleThreadEventExecutor.java:535) ~[netty-common-4.2.15.Final.jar:4.2.15.Final]
	at io.netty.channel.SingleThreadIoEventLoop.run(SingleThreadIoEventLoop.java:201) ~[netty-transport-4.2.15.Final.jar:4.2.15.Final]
	at io.netty.util.concurrent.SingleThreadEventExecutor$5.run(SingleThreadEventExecutor.java:1195) ~[netty-common-4.2.15.Final.jar:4.2.15.Final]
	at io.netty.util.internal.ThreadExecutorMap$2.run(ThreadExecutorMap.java:74) ~[netty-common-4.2.15.Final.jar:4.2.15.Final]
	at io.netty.util.concurrent.FastThreadLocalRunnable.run(FastThreadLocalRunnable.java:30) ~[netty-common-4.2.15.Final.jar:4.2.15.Final]
	at java.base/java.lang.Thread.run(Thread.java:1583) ~[na:na]

2026-08-26T20:12:45.704+05:30 DEBUG 764 --- [adaptive-rate-limiter] [   scheduling-1] c.r.a.service.health.RedisHealthProbe    : Health check: P50=5.0ms, P99=10.0ms, ErrorRate=0.0%, Reachable=true
2026-08-26T20:12:45.950+05:30  WARN 764 --- [adaptive-rate-limiter] [           main] c.r.a.service.quota.LeaseManager         : Lease acquisition failed for survive-real-redis (Redis unavailable?): Redis command timed out
]]></system-out>
  </testcase>
</testsuite>